<?xml version="1.0" encoding="UTF-8"?>
<!-- Generated by org.testng.reporters.JUnitReportReporter -->
<testsuite hostname="Sasikumar" failures="0" tests="1" name="tests.Index" time="0.981" errors="0" timestamp="2024-04-10T15:16:48 IST" skipped="0">
  <testcase classname="tests.Index" name="loginPageFunctions" time="0.981"/>
</testsuite> <!-- tests.Index -->
