<?xml version="1.0" encoding="UTF-8"?>
<!-- Generated by org.testng.reporters.JUnitReportReporter -->
<testsuite hostname="Sasikumar" failures="0" tests="1" name="tests.Index" time="1.154" errors="0" timestamp="2024-04-10T16:51:59 IST" skipped="0">
  <testcase classname="tests.Index" name="homePageTest" time="1.154"/>
</testsuite> <!-- tests.Index -->
